c:\users\tal\oop\project2\naiveplayer\x64\debug\vc140.pdb
c:\users\tal\oop\project2\naiveplayer\x64\debug\vc140.idb
c:\users\tal\oop\project2\naiveplayer\x64\debug\commonplayer.obj
c:\users\tal\oop\project2\naiveplayer\x64\debug\naiveplayer.obj
c:\users\tal\oop\project2\naiveplayer\x64\debug\board.obj
c:\users\tal\oop\project2\naiveplayer\x64\debug\boat.obj
c:\users\tal\oop\project2\naiveplayer\x64\debug\playerboard.obj
c:\users\tal\oop\project2\naiveplayer\x64\debug\point.obj
c:\users\tal\oop\project2\x64\debug\naiveplayer.ilk
c:\users\tal\oop\project2\x64\debug\naiveplayer.dll
c:\users\tal\oop\project2\x64\debug\naiveplayer.pdb
c:\users\tal\oop\project2\x64\debug\naiveplayer.lib
c:\users\tal\oop\project2\x64\debug\naiveplayer.exp
c:\users\tal\oop\project2\naiveplayer\x64\debug\naiveplayer.tlog\cl.command.1.tlog
c:\users\tal\oop\project2\naiveplayer\x64\debug\naiveplayer.tlog\cl.read.1.tlog
c:\users\tal\oop\project2\naiveplayer\x64\debug\naiveplayer.tlog\cl.write.1.tlog
c:\users\tal\oop\project2\naiveplayer\x64\debug\naiveplayer.tlog\link.command.1.tlog
c:\users\tal\oop\project2\naiveplayer\x64\debug\naiveplayer.tlog\link.read.1.tlog
c:\users\tal\oop\project2\naiveplayer\x64\debug\naiveplayer.tlog\link.write.1.tlog
c:\users\tal\oop\project2\naiveplayer\x64\debug\naiveplayer.tlog\naiveplayer.write.1u.tlog
