c:\users\tal\oop\ex3\ex3\x64\debug\vc140.pdb
c:\users\tal\oop\ex3\ex3\x64\debug\vc140.idb
c:\users\tal\oop\ex3\ex3\x64\debug\playerdata.obj
c:\users\tal\oop\ex3\ex3\x64\debug\main.obj
c:\users\tal\oop\ex3\ex3\x64\debug\tournamentmanager.obj
c:\users\tal\oop\ex3\ex3\x64\debug\logger.obj
c:\users\tal\oop\ex3\ex3\x64\debug\fileslister.obj
c:\users\tal\oop\ex3\ex3\x64\debug\fileslisterwithsuffix.obj
c:\users\tal\oop\ex3\x64\debug\ex3.pdb
c:\users\tal\oop\ex3\ex3\x64\debug\ex3.tlog\cl.command.1.tlog
c:\users\tal\oop\ex3\ex3\x64\debug\ex3.tlog\cl.read.1.tlog
c:\users\tal\oop\ex3\ex3\x64\debug\ex3.tlog\cl.write.1.tlog
c:\users\tal\oop\ex3\ex3\x64\debug\ex3.tlog\link-cvtres.read.1.tlog
c:\users\tal\oop\ex3\ex3\x64\debug\ex3.tlog\link-cvtres.write.1.tlog
c:\users\tal\oop\ex3\ex3\x64\debug\ex3.tlog\link-rc.read.1.tlog
c:\users\tal\oop\ex3\ex3\x64\debug\ex3.tlog\link-rc.write.1.tlog
c:\users\tal\oop\ex3\ex3\x64\debug\ex3.tlog\link.8836-cvtres.read.1.tlog
c:\users\tal\oop\ex3\ex3\x64\debug\ex3.tlog\link.8836-cvtres.write.1.tlog
c:\users\tal\oop\ex3\ex3\x64\debug\ex3.tlog\link.8836-rc.read.1.tlog
c:\users\tal\oop\ex3\ex3\x64\debug\ex3.tlog\link.8836-rc.write.1.tlog
c:\users\tal\oop\ex3\ex3\x64\debug\ex3.tlog\link.8836.read.1.tlog
c:\users\tal\oop\ex3\ex3\x64\debug\ex3.tlog\link.8836.write.1.tlog
c:\users\tal\oop\ex3\ex3\x64\debug\ex3.tlog\link.command.1.tlog
c:\users\tal\oop\ex3\ex3\x64\debug\ex3.tlog\link.read.1.tlog
c:\users\tal\oop\ex3\ex3\x64\debug\ex3.tlog\link.write.1.tlog
