c:\users\tal\oop\project2\smartplayer\x64\debug\vc140.pdb
c:\users\tal\oop\project2\smartplayer\x64\debug\vc140.idb
c:\users\tal\oop\project2\smartplayer\x64\debug\commonplayer.obj
c:\users\tal\oop\project2\smartplayer\x64\debug\smartplayer.obj
c:\users\tal\oop\project2\smartplayer\x64\debug\board.obj
c:\users\tal\oop\project2\smartplayer\x64\debug\boat.obj
c:\users\tal\oop\project2\smartplayer\x64\debug\playerboard.obj
c:\users\tal\oop\project2\smartplayer\x64\debug\point.obj
c:\users\tal\oop\project2\x64\debug\smartplayer.ilk
c:\users\tal\oop\project2\x64\debug\smartplayer.dll
c:\users\tal\oop\project2\x64\debug\smartplayer.pdb
c:\users\tal\oop\project2\x64\debug\smartplayer.lib
c:\users\tal\oop\project2\x64\debug\smartplayer.exp
c:\users\tal\oop\project2\smartplayer\x64\debug\smartplayer.tlog\cl.command.1.tlog
c:\users\tal\oop\project2\smartplayer\x64\debug\smartplayer.tlog\cl.read.1.tlog
c:\users\tal\oop\project2\smartplayer\x64\debug\smartplayer.tlog\cl.write.1.tlog
c:\users\tal\oop\project2\smartplayer\x64\debug\smartplayer.tlog\link.command.1.tlog
c:\users\tal\oop\project2\smartplayer\x64\debug\smartplayer.tlog\link.read.1.tlog
c:\users\tal\oop\project2\smartplayer\x64\debug\smartplayer.tlog\link.write.1.tlog
c:\users\tal\oop\project2\smartplayer\x64\debug\smartplayer.tlog\smartplayer.write.1u.tlog
