c:\users\tal\oop\project2\smartplayer\x64\release\vc140.pdb
c:\users\tal\oop\project2\smartplayer\x64\release\smartplayer.obj
c:\users\tal\oop\project2\smartplayer\x64\release\point.obj
c:\users\tal\oop\project2\smartplayer\x64\release\playerboard.obj
c:\users\tal\oop\project2\smartplayer\x64\release\commonplayer.obj
c:\users\tal\oop\project2\smartplayer\x64\release\boat.obj
c:\users\tal\oop\project2\smartplayer\x64\release\board.obj
c:\users\tal\oop\project2\x64\release\smartplayer.dll
c:\users\tal\oop\project2\x64\release\smartplayer.ipdb
c:\users\tal\oop\project2\x64\release\smartplayer.iobj
c:\users\tal\oop\project2\x64\release\smartplayer.pdb
c:\users\tal\oop\project2\x64\release\smartplayer.lib
c:\users\tal\oop\project2\x64\release\smartplayer.exp
c:\users\tal\oop\project2\smartplayer\x64\release\smartplayer.tlog\cl.command.1.tlog
c:\users\tal\oop\project2\smartplayer\x64\release\smartplayer.tlog\cl.read.1.tlog
c:\users\tal\oop\project2\smartplayer\x64\release\smartplayer.tlog\cl.write.1.tlog
c:\users\tal\oop\project2\smartplayer\x64\release\smartplayer.tlog\link.command.1.tlog
c:\users\tal\oop\project2\smartplayer\x64\release\smartplayer.tlog\link.read.1.tlog
c:\users\tal\oop\project2\smartplayer\x64\release\smartplayer.tlog\link.write.1.tlog
c:\users\tal\oop\project2\smartplayer\x64\release\smartplayer.tlog\smartplayer.write.1u.tlog
