c:\users\tal\oop\project2\naiveplayer\x64\release\vc140.pdb
c:\users\tal\oop\project2\naiveplayer\x64\release\point.obj
c:\users\tal\oop\project2\naiveplayer\x64\release\playerboard.obj
c:\users\tal\oop\project2\naiveplayer\x64\release\naiveplayer.obj
c:\users\tal\oop\project2\naiveplayer\x64\release\commonplayer.obj
c:\users\tal\oop\project2\naiveplayer\x64\release\boat.obj
c:\users\tal\oop\project2\naiveplayer\x64\release\board.obj
c:\users\tal\oop\project2\x64\release\naiveplayer.dll
c:\users\tal\oop\project2\x64\release\naiveplayer.ipdb
c:\users\tal\oop\project2\x64\release\naiveplayer.iobj
c:\users\tal\oop\project2\x64\release\naiveplayer.pdb
c:\users\tal\oop\project2\x64\release\naiveplayer.lib
c:\users\tal\oop\project2\x64\release\naiveplayer.exp
c:\users\tal\oop\project2\naiveplayer\x64\release\naiveplayer.tlog\cl.command.1.tlog
c:\users\tal\oop\project2\naiveplayer\x64\release\naiveplayer.tlog\cl.read.1.tlog
c:\users\tal\oop\project2\naiveplayer\x64\release\naiveplayer.tlog\cl.write.1.tlog
c:\users\tal\oop\project2\naiveplayer\x64\release\naiveplayer.tlog\link.command.1.tlog
c:\users\tal\oop\project2\naiveplayer\x64\release\naiveplayer.tlog\link.read.1.tlog
c:\users\tal\oop\project2\naiveplayer\x64\release\naiveplayer.tlog\link.write.1.tlog
c:\users\tal\oop\project2\naiveplayer\x64\release\naiveplayer.tlog\naiveplayer.write.1u.tlog
