  GameBoard.cpp
c:\users\tal\oop\project2\allfiles\gameboard.cpp(145): error C2039: 'removeBoat': is not a member of 'IBattleshipGameAlgo'
  c:\users\tal\oop\project2\allfiles\ibattleshipgamealgo.h(11): note: see declaration of 'IBattleshipGameAlgo'
c:\users\tal\oop\project2\allfiles\gameboard.cpp(196): error C2039: 'getNumOfBoats': is not a member of 'IBattleshipGameAlgo'
  c:\users\tal\oop\project2\allfiles\ibattleshipgamealgo.h(11): note: see declaration of 'IBattleshipGameAlgo'
c:\users\tal\oop\project2\allfiles\gameboard.cpp(207): error C2039: 'getNumOfBoats': is not a member of 'IBattleshipGameAlgo'
  c:\users\tal\oop\project2\allfiles\ibattleshipgamealgo.h(11): note: see declaration of 'IBattleshipGameAlgo'
  Game.cpp
c:\users\tal\oop\project2\allfiles\game.cpp(161): error C2039: 'hasNoMoreBoats': is not a member of 'IBattleshipGameAlgo'
  c:\users\tal\oop\project2\allfiles\ibattleshipgamealgo.h(11): note: see declaration of 'IBattleshipGameAlgo'
c:\users\tal\oop\project2\allfiles\game.cpp(164): error C2039: 'addWin': is not a member of 'IBattleshipGameAlgo'
  c:\users\tal\oop\project2\allfiles\ibattleshipgamealgo.h(11): note: see declaration of 'IBattleshipGameAlgo'
c:\users\tal\oop\project2\allfiles\game.cpp(168): error C2039: 'hasNoMoreBoats': is not a member of 'IBattleshipGameAlgo'
  c:\users\tal\oop\project2\allfiles\ibattleshipgamealgo.h(11): note: see declaration of 'IBattleshipGameAlgo'
c:\users\tal\oop\project2\allfiles\game.cpp(171): error C2039: 'addWin': is not a member of 'IBattleshipGameAlgo'
  c:\users\tal\oop\project2\allfiles\ibattleshipgamealgo.h(11): note: see declaration of 'IBattleshipGameAlgo'
c:\users\tal\oop\project2\allfiles\game.cpp(177): error C2039: 'hasFinishedAttacking': is not a member of 'IBattleshipGameAlgo'
  c:\users\tal\oop\project2\allfiles\ibattleshipgamealgo.h(11): note: see declaration of 'IBattleshipGameAlgo'
c:\users\tal\oop\project2\allfiles\game.cpp(178): error C2039: 'hasFinishedAttacking': is not a member of 'IBattleshipGameAlgo'
  c:\users\tal\oop\project2\allfiles\ibattleshipgamealgo.h(11): note: see declaration of 'IBattleshipGameAlgo'
c:\users\tal\oop\project2\allfiles\game.cpp(190): error C2039: 'hasFinishedAttacking': is not a member of 'IBattleshipGameAlgo'
  c:\users\tal\oop\project2\allfiles\ibattleshipgamealgo.h(11): note: see declaration of 'IBattleshipGameAlgo'
c:\users\tal\oop\project2\allfiles\game.cpp(222): error C2039: 'getGameScore': is not a member of 'IBattleshipGameAlgo'
  c:\users\tal\oop\project2\allfiles\ibattleshipgamealgo.h(11): note: see declaration of 'IBattleshipGameAlgo'
c:\users\tal\oop\project2\allfiles\game.cpp(223): error C2039: 'getGameScore': is not a member of 'IBattleshipGameAlgo'
  c:\users\tal\oop\project2\allfiles\ibattleshipgamealgo.h(11): note: see declaration of 'IBattleshipGameAlgo'
  Boat.cpp
c:\users\tal\oop\project2\allfiles\boat.cpp(92): error C2039: 'removeBoat': is not a member of 'IBattleshipGameAlgo'
  c:\users\tal\oop\project2\allfiles\ibattleshipgamealgo.h(11): note: see declaration of 'IBattleshipGameAlgo'
c:\users\tal\oop\project2\allfiles\boat.cpp(97): error C2039: 'removeBoat': is not a member of 'IBattleshipGameAlgo'
  c:\users\tal\oop\project2\allfiles\ibattleshipgamealgo.h(11): note: see declaration of 'IBattleshipGameAlgo'
c:\users\tal\oop\project2\allfiles\boat.cpp(98): error C2039: 'increaseScore': is not a member of 'IBattleshipGameAlgo'
  c:\users\tal\oop\project2\allfiles\ibattleshipgamealgo.h(11): note: see declaration of 'IBattleshipGameAlgo'
c:\users\tal\oop\project2\allfiles\boat.cpp(101): error C2039: 'addBoat': is not a member of 'IBattleshipGameAlgo'
  c:\users\tal\oop\project2\allfiles\ibattleshipgamealgo.h(11): note: see declaration of 'IBattleshipGameAlgo'
  Generating Code...
