c:\users\tal\oop\project2\main\x64\debug\vc140.pdb
c:\users\tal\oop\project2\main\x64\debug\vc140.idb
c:\users\tal\oop\project2\main\x64\debug\board.obj
c:\users\tal\oop\project2\main\x64\debug\boat.obj
c:\users\tal\oop\project2\main\x64\debug\commonplayer.obj
c:\users\tal\oop\project2\main\x64\debug\fileslister.obj
c:\users\tal\oop\project2\main\x64\debug\fileslisterwithsuffix.obj
c:\users\tal\oop\project2\main\x64\debug\game.obj
c:\users\tal\oop\project2\main\x64\debug\gameboard.obj
c:\users\tal\oop\project2\main\x64\debug\main.obj
c:\users\tal\oop\project2\main\x64\debug\point.obj
c:\users\tal\oop\project2\x64\debug\main.ilk
c:\users\tal\oop\project2\x64\debug\main.exe
c:\users\tal\oop\project2\x64\debug\main.pdb
c:\users\tal\oop\project2\main\x64\debug\main.tlog\cl.command.1.tlog
c:\users\tal\oop\project2\main\x64\debug\main.tlog\cl.read.1.tlog
c:\users\tal\oop\project2\main\x64\debug\main.tlog\cl.write.1.tlog
c:\users\tal\oop\project2\main\x64\debug\main.tlog\link.command.1.tlog
c:\users\tal\oop\project2\main\x64\debug\main.tlog\link.read.1.tlog
c:\users\tal\oop\project2\main\x64\debug\main.tlog\link.write.1.tlog
