  main.cpp
c:\program files (x86)\microsoft visual studio 14.0\vc\include\type_traits(1504): error C2338: result_of<CallableType> is invalid; use result_of<CallableType(zero or more argument types)> instead.
  c:\users\tal\oop\project4\project4\matrix.h(133): note: see reference to class template instantiation 'std::result_of<GroupingFunc>' being compiled
          with
          [
              GroupingFunc=main::<lambda_f93681e0334b1e6a4f8cf3a273703cc8>
          ]
  c:\users\tal\oop\project4\project4\main.cpp(22): note: see reference to function template instantiation 'auto Matrix<char,2>::groupValues<main::<lambda_f93681e0334b1e6a4f8cf3a273703cc8>>(GroupingFunc)' being compiled
          with
          [
              GroupingFunc=main::<lambda_f93681e0334b1e6a4f8cf3a273703cc8>
          ]
c:\users\tal\oop\project4\project4\matrix.h(133): error C2794: 'type': is not a member of any direct or indirect base class of 'std::result_of<GroupingFunc>'
          with
          [
              GroupingFunc=main::<lambda_f93681e0334b1e6a4f8cf3a273703cc8>
          ]
c:\users\tal\oop\project4\project4\matrix.h(133): error C2938: 'result_of_t<main::<lambda_f93681e0334b1e6a4f8cf3a273703cc8>>' : Failed to specialize alias template
c:\users\tal\oop\project4\project4\matrix.h(134): error C2039: 'map': is not a member of 'std'
  c:\program files (x86)\microsoft visual studio 14.0\vc\include\memory(1175): note: see declaration of 'std'
c:\users\tal\oop\project4\project4\matrix.h(134): error C2065: 'map': undeclared identifier
c:\users\tal\oop\project4\project4\matrix.h(134): error C2275: 'GroupingType': illegal use of this type as an expression
  c:\users\tal\oop\project4\project4\matrix.h(133): note: see declaration of 'GroupingType'
c:\users\tal\oop\project4\project4\matrix.h(134): error C2039: 'vector': is not a member of 'std'
  c:\program files (x86)\microsoft visual studio 14.0\vc\include\memory(1175): note: see declaration of 'std'
c:\users\tal\oop\project4\project4\matrix.h(134): error C2065: 'vector': undeclared identifier
c:\users\tal\oop\project4\project4\matrix.h(134): error C2062: type 'int' unexpected
c:\users\tal\oop\project4\project4\matrix.h(138): error C2065: 'groups': undeclared identifier
c:\users\tal\oop\project4\project4\main.cpp(23): error C2672: 'print': no matching overloaded function found
c:\users\tal\oop\project4\project4\main.cpp(23): error C2893: Failed to specialize function template 'void print(const Groups &)'
  c:\users\tal\oop\project4\project4\main.cpp(23): note: With the following template arguments:
  c:\users\tal\oop\project4\project4\main.cpp(23): note: 'Groups=unknown-type'
